#
# A fatal error has been detected by the Java Runtime Environment:
#
#  Internal Error (javaClasses.cpp:136), pid=5544, tid=344
#  fatal error: Invalid layout of preloaded class
#
# JRE version:  (7.0_40-b43) (build )
# Java VM: Java HotSpot(TM) Client VM (24.0-b56 mixed mode windows-x86 )
# Failed to write core dump. Minidumps are not enabled by default on client versions of Windows
#
# If you would like to submit a bug report, please visit:
#   http://bugreport.sun.com/bugreport/crash.jsp
#

---------------  T H R E A D  ---------------

Current thread (0x001fc400):  JavaThread "Unknown thread" [_thread_in_vm, id=344, stack(0x01060000,0x010b0000)]

Stack: [0x01060000,0x010b0000],  sp=0x010af4c4,  free space=317k
Native frames: (J=compiled Java code, j=interpreted, Vv=VM code, C=native code)
V  [jvm.dll+0x18db91]
V  [jvm.dll+0x187936]
V  [jvm.dll+0x3582a]
V  [jvm.dll+0x358b6]
V  [jvm.dll+0x43fdd]
V  [jvm.dll+0x4428e]
V  [jvm.dll+0x923fa]
V  [jvm.dll+0x927ab]
V  [jvm.dll+0x13d761]
V  [jvm.dll+0x16023c]
V  [jvm.dll+0xc8c5f]
C  [javaw.exe+0x13ce]
C  [javaw.exe+0x1e40]
C  [javaw.exe+0xa5b1]
C  [javaw.exe+0xa63b]
C  [kernel32.dll+0x1338a]
C  [ntdll.dll+0x39f72]
C  [ntdll.dll+0x39f45]


---------------  P R O C E S S  ---------------

Java Threads: ( => current thread )

Other Threads:

=>0x001fc400 (exited) JavaThread "Unknown thread" [_thread_in_vm, id=344, stack(0x01060000,0x010b0000)]

VM state:not at safepoint (not fully initialized)

VM Mutex/Monitor currently owned by a thread: None

GC Heap History (0 events):
No events

Deoptimization events (0 events):
No events

Internal exceptions (0 events):
No events

Events (10 events):
Event: 0.008 loading class 0x0051c830 done
Event: 0.008 loading class 0x0051c2c0 done
Event: 0.008 loading class 0x0051c2a0
Event: 0.008 loading class 0x005235c8
Event: 0.008 loading class 0x005235c8 done
Event: 0.008 loading class 0x005235f8
Event: 0.008 loading class 0x005235f8 done
Event: 0.008 loading class 0x00523628
Event: 0.008 loading class 0x00523628 done
Event: 0.009 loading class 0x0051c2a0 done


Dynamic libraries:
0x01340000 - 0x0136f000 	C:\Program Files (x86)\Java\jre7\bin\javaw.exe
0x777a0000 - 0x77920000 	C:\Windows\SysWOW64\ntdll.dll
0x77060000 - 0x77170000 	C:\Windows\syswow64\kernel32.dll
0x762f0000 - 0x76337000 	C:\Windows\syswow64\KERNELBASE.dll
0x76450000 - 0x764f0000 	C:\Windows\syswow64\ADVAPI32.dll
0x76fb0000 - 0x7705c000 	C:\Windows\syswow64\msvcrt.dll
0x77380000 - 0x77399000 	C:\Windows\SysWOW64\sechost.dll
0x754b0000 - 0x755a0000 	C:\Windows\syswow64\RPCRT4.dll
0x752c0000 - 0x75320000 	C:\Windows\syswow64\SspiCli.dll
0x752b0000 - 0x752bc000 	C:\Windows\syswow64\CRYPTBASE.dll
0x76340000 - 0x76440000 	C:\Windows\syswow64\USER32.dll
0x76d50000 - 0x76de0000 	C:\Windows\syswow64\GDI32.dll
0x76440000 - 0x7644a000 	C:\Windows\syswow64\LPK.dll
0x76250000 - 0x762ed000 	C:\Windows\syswow64\USP10.dll
0x72a20000 - 0x72bbe000 	C:\Windows\WinSxS\x86_microsoft.windows.common-controls_6595b64144ccf1df_6.0.7601.17514_none_41e6975e2bd6f2b2\COMCTL32.dll
0x761f0000 - 0x76247000 	C:\Windows\syswow64\SHLWAPI.dll
0x764f0000 - 0x76550000 	C:\Windows\system32\IMM32.DLL
0x765f0000 - 0x766bc000 	C:\Windows\syswow64\MSCTF.dll
0x5bce0000 - 0x5bd9e000 	C:\Program Files (x86)\Java\jre7\bin\msvcr100.dll
0x64e00000 - 0x65180000 	C:\Program Files (x86)\Java\jre7\bin\client\jvm.dll
0x67d80000 - 0x67d87000 	C:\Windows\system32\WSOCK32.dll
0x76e10000 - 0x76e45000 	C:\Windows\syswow64\WS2_32.dll
0x77770000 - 0x77776000 	C:\Windows\syswow64\NSI.dll
0x737c0000 - 0x737f2000 	C:\Windows\system32\WINMM.dll
0x75360000 - 0x75365000 	C:\Windows\syswow64\PSAPI.DLL
0x74740000 - 0x7474c000 	C:\Program Files (x86)\Java\jre7\bin\verify.dll
0x74720000 - 0x74740000 	C:\Program Files (x86)\Java\jre7\bin\java.dll
0x6bd90000 - 0x6bda3000 	C:\Program Files (x86)\Java\jre7\bin\zip.dll
0x73380000 - 0x7346b000 	C:\Windows\system32\dbghelp.dll

VM Arguments:
jvm_args: -Dfile.encoding=GBK -Xbootclasspath:E:\adt-bundle-windows-x86-20130917\adt-bundle-windows-x86-20130917\sdk\platforms\android-19\android.jar 
java_command: com.moon.utils.AESSecurity
Launcher Type: SUN_STANDARD

Environment Variables:
JAVA_HOME=C:\Program Files\Java\jdk1.7.0_45
CLASSPATH=.;C:\Program Files\Java\jdk1.7.0_45\lib;C:\Program Files\Java\jdk1.7.0_45\lib\tools.jar  
PATH=C:/Program Files (x86)/Java/jre7/bin/client;C:/Program Files (x86)/Java/jre7/bin;C:/Program Files (x86)/Java/jre7/lib/i386;C:\Program Files (x86)\Common Files\NetSarang;C:\Program Files (x86)\Intel\iCLS Client\;C:\Program Files\Intel\iCLS Client\;C:\Windows\system32;C:\Windows;C:\Windows\System32\Wbem;C:\Windows\System32\WindowsPowerShell\v1.0\;C:\Program Files\Intel\WiFi\bin\;C:\Program Files\Common Files\Intel\WirelessCommon\;C:\Program Files (x86)\Intel\OpenCL SDK\2.0\bin\x86;C:\Program Files (x86)\Intel\OpenCL SDK\2.0\bin\x64;C:\Program Files\Intel\Intel(R) Management Engine Components\DAL;C:\Program Files\Intel\Intel(R) Management Engine Components\IPT;C:\Program Files (x86)\Intel\Intel(R) Management Engine Components\DAL;C:\Program Files (x86)\Intel\Intel(R) Management Engine Components\IPT;C:\Program Files\TortoiseSVN\bin;C:\Program Files\Java\jdk1.7.0_45\bin;C:\Program Files\Java\jdk1.7.0_45\jre\bin;C:\Program Files\Intel\WiFi\bin\;C:\Program Files\Common Files\Intel\WirelessCommon\;E:\adt-bundle-windows-x86-20130917\adt-bundle-windows-x86-20130917\sdk\platform-tools\;C:\Program Files (x86)\IDM Computer Solutions\UltraEdit\;E:\adt-bundle-windows-x86-20130917\adt-bundle-windows-x86-20130917\eclipse;
USERNAME=houhualiang
OS=Windows_NT
PROCESSOR_IDENTIFIER=Intel64 Family 6 Model 58 Stepping 9, GenuineIntel



---------------  S Y S T E M  ---------------

OS: Windows 7 , 64 bit Build 7601 Service Pack 1

CPU:total 2 (2 cores per cpu, 1 threads per core) family 6 model 58 stepping 9, cmov, cx8, fxsr, mmx, sse, sse2, sse3, ssse3, sse4.1, sse4.2, popcnt, erms, tsc, tscinvbit, tscinv

Memory: 4k page, physical 4065324k(852664k free), swap 5259492k(942344k free)

vm_info: Java HotSpot(TM) Client VM (24.0-b56) for windows-x86 JRE (1.7.0_40-b43), built on Aug 26 2013 22:34:40 by "java_re" with unknown MS VC++:1600

time: Mon Nov 03 15:31:35 2014
elapsed time: 0 seconds

